<?xml version="1.0" encoding="UTF-8"?>
<Site BuildName="(empty)"
	BuildStamp="20250201-1017-Experimental"
	Name="(empty)"
	Generator="ctest-3.31.4"
	CompilerName=""
	CompilerVersion=""
	OSName="Windows"
	Hostname="DESKTOP-IGFL7FM"
	OSRelease=" Professional"
	OSVersion=" (Build 19045)"
	OSPlatform="AMD64"
	Is64Bits="1"
	VendorString="GenuineIntel"
	VendorID="Intel Corporation"
	FamilyID="6"
	ModelID="14"
	ModelName=""
	ProcessorCacheSize="-1"
	NumberOfLogicalCPU="8"
	NumberOfPhysicalCPU="4"
	TotalVirtualMemory="110593"
	TotalPhysicalMemory="32721"
	LogicalProcessorsPerPhysical="2"
	ProcessorClockFrequency="4200"
	>
	<Testing>
		<StartDateTime>Feb 01 10:17 GMT Standard Time</StartDateTime>
		<StartTestTime>1738405058</StartTestTime>
		<TestList/>
		<EndDateTime>Feb 01 10:17 GMT Standard Time</EndDateTime>
		<EndTestTime>1738405058</EndTestTime>
		<ElapsedMinutes>0</ElapsedMinutes>
	</Testing>
</Site>
